make --dry-run --always-make --keep-going --print-directory
make: Entering directory `/Users/mialbert/Documents/so_long'
echo "\n\033[1;34m======== libft ========\033[0m"
/Applications/Xcode.app/Contents/Developer/usr/bin/make -C ./libs/libft/srcs
make[1]: Entering directory `/Users/mialbert/Documents/so_long/libs/libft/srcs'
gcc -Wall -Wextra -Werror -c ft_memmove.c -o ft_memmove.o
gcc -Wall -Wextra -Werror -c ft_strjoin.c -o ft_strjoin.o
gcc -Wall -Wextra -Werror -c ft_isalnum.c -o ft_isalnum.o
gcc -Wall -Wextra -Werror -c ft_isdigit.c -o ft_isdigit.o
gcc -Wall -Wextra -Werror -c ft_substr.c -o ft_substr.o
gcc -Wall -Wextra -Werror -c ft_memchr.c -o ft_memchr.o
gcc -Wall -Wextra -Werror -c ft_itoa.c -o ft_itoa.o
gcc -Wall -Wextra -Werror -c ft_isspace.c -o ft_isspace.o
gcc -Wall -Wextra -Werror -c ft_memcmp.c -o ft_memcmp.o
gcc -Wall -Wextra -Werror -c ft_strchr.c -o ft_strchr.o
gcc -Wall -Wextra -Werror -c ft_strlcat.c -o ft_strlcat.o
gcc -Wall -Wextra -Werror -c ft_calloc.c -o ft_calloc.o
gcc -Wall -Wextra -Werror -c ft_putstr_fd.c -o ft_putstr_fd.o
gcc -Wall -Wextra -Werror -c ft_intlen.c -o ft_intlen.o
gcc -Wall -Wextra -Werror -c ft_strtrim.c -o ft_strtrim.o
gcc -Wall -Wextra -Werror -c ft_tolower.c -o ft_tolower.o
gcc -Wall -Wextra -Werror -c ft_memcpy.c -o ft_memcpy.o
gcc -Wall -Wextra -Werror -c ft_putendl_fd.c -o ft_putendl_fd.o
gcc -Wall -Wextra -Werror -c ft_strnstr.c -o ft_strnstr.o
gcc -Wall -Wextra -Werror -c ft_putchar_fd.c -o ft_putchar_fd.o
gcc -Wall -Wextra -Werror -c ft_toupper.c -o ft_toupper.o
gcc -Wall -Wextra -Werror -c ft_memset.c -o ft_memset.o
gcc -Wall -Wextra -Werror -c ft_strncmp.c -o ft_strncmp.o
gcc -Wall -Wextra -Werror -c ft_striteri.c -o ft_striteri.o
gcc -Wall -Wextra -Werror -c ft_realloc.c -o ft_realloc.o
gcc -Wall -Wextra -Werror -c ft_isprint.c -o ft_isprint.o
gcc -Wall -Wextra -Werror -c ft_isalpha.c -o ft_isalpha.o
gcc -Wall -Wextra -Werror -c ft_pow.c -o ft_pow.o
gcc -Wall -Wextra -Werror -c ft_strdup.c -o ft_strdup.o
gcc -Wall -Wextra -Werror -c ft_putnbr_fd.c -o ft_putnbr_fd.o
gcc -Wall -Wextra -Werror -c ft_bzero.c -o ft_bzero.o
gcc -Wall -Wextra -Werror -c ft_atoi.c -o ft_atoi.o
gcc -Wall -Wextra -Werror -c ft_wcount.c -o ft_wcount.o
gcc -Wall -Wextra -Werror -c ft_strrchr.c -o ft_strrchr.o
gcc -Wall -Wextra -Werror -c ft_strmapi.c -o ft_strmapi.o
gcc -Wall -Wextra -Werror -c ft_isascii.c -o ft_isascii.o
gcc -Wall -Wextra -Werror -c ft_strlcpy.c -o ft_strlcpy.o
gcc -Wall -Wextra -Werror -c ft_abs.c -o ft_abs.o
gcc -Wall -Wextra -Werror -c ft_split.c -o ft_split.o
gcc -Wall -Wextra -Werror -c ft_strlen.c -o ft_strlen.o
gcc -Wall -Wextra -Werror -c get_next_line_utils.c -o get_next_line_utils.o
gcc -Wall -Wextra -Werror -c get_next_line.c -o get_next_line.o
ar rcs libft.a ft_memmove.o ft_strjoin.o ft_isalnum.o ft_isdigit.o ft_substr.o ft_memchr.o ft_itoa.o ft_isspace.o ft_memcmp.o ft_strchr.o ft_strlcat.o ft_calloc.o ft_putstr_fd.o ft_intlen.o ft_strtrim.o ft_tolower.o ft_memcpy.o ft_putendl_fd.o ft_strnstr.o ft_putchar_fd.o ft_toupper.o ft_memset.o ft_strncmp.o ft_striteri.o ft_realloc.o ft_isprint.o ft_isalpha.o ft_pow.o ft_strdup.o ft_putnbr_fd.o ft_bzero.o ft_atoi.o ft_wcount.o ft_strrchr.o ft_strmapi.o ft_isascii.o ft_strlcpy.o ft_abs.o ft_split.o ft_strlen.o get_next_line_utils.o get_next_line.o
make[1]: Leaving directory `/Users/mialbert/Documents/so_long/libs/libft/srcs'
echo "\n\033[1;34m======== MLX42 ========\033[0m"
/Applications/Xcode.app/Contents/Developer/usr/bin/make -C ./libs/MLX
make[1]: Entering directory `/Users/mialbert/Documents/so_long/libs/MLX'
echo "\033[32;1m\033[1mShader to C: shaders/default.frag -> src/mlx_frag_shader.c\033[0m"
bash tools/compile_shader.sh shaders/default.frag > src/mlx_frag_shader.c
echo "\033[32;1m\033[1mShader to C: shaders/default.vert -> src/mlx_vert_shader.c\033[0m"
bash tools/compile_shader.sh shaders/default.vert > src/mlx_vert_shader.c
echo "\033[32;1m\033[1mCompiling: glad.c\033[0m"
cc -Wextra -Wall -Werror -Wunreachable-code -Wno-char-subscripts -Ofast -D NDEBUG -o lib/glad/glad.o -c lib/glad/glad.c -I include -I /Users/mialbert/.brew/opt/glfw/include
echo "\033[32;1m\033[1mCompiling: lodepng.c\033[0m"
cc -Wextra -Wall -Werror -Wunreachable-code -Wno-char-subscripts -Ofast -D NDEBUG -o lib/png/lodepng.o -c lib/png/lodepng.c -I include -I /Users/mialbert/.brew/opt/glfw/include
echo "\033[32;1m\033[1mCompiling: mlx_font.c\033[0m"
cc -Wextra -Wall -Werror -Wunreachable-code -Wno-char-subscripts -Ofast -D NDEBUG -o src/font/mlx_font.o -c src/font/mlx_font.c -I include -I /Users/mialbert/.brew/opt/glfw/include
echo "\033[32;1m\033[1mCompiling: mlx_cursor.c\033[0m"
cc -Wextra -Wall -Werror -Wunreachable-code -Wno-char-subscripts -Ofast -D NDEBUG -o src/mlx_cursor.o -c src/mlx_cursor.c -I include -I /Users/mialbert/.brew/opt/glfw/include
echo "\033[32;1m\033[1mCompiling: mlx_exit.c\033[0m"
cc -Wextra -Wall -Werror -Wunreachable-code -Wno-char-subscripts -Ofast -D NDEBUG -o src/mlx_exit.o -c src/mlx_exit.c -I include -I /Users/mialbert/.brew/opt/glfw/include
echo "\033[32;1m\033[1mCompiling: mlx_frag_shader.c\033[0m"
cc -Wextra -Wall -Werror -Wunreachable-code -Wno-char-subscripts -Ofast -D NDEBUG -o src/mlx_frag_shader.o -c src/mlx_frag_shader.c -I include -I /Users/mialbert/.brew/opt/glfw/include
echo "\033[32;1m\033[1mCompiling: mlx_images.c\033[0m"
cc -Wextra -Wall -Werror -Wunreachable-code -Wno-char-subscripts -Ofast -D NDEBUG -o src/mlx_images.o -c src/mlx_images.c -I include -I /Users/mialbert/.brew/opt/glfw/include
echo "\033[32;1m\033[1mCompiling: mlx_init.c\033[0m"
cc -Wextra -Wall -Werror -Wunreachable-code -Wno-char-subscripts -Ofast -D NDEBUG -o src/mlx_init.o -c src/mlx_init.c -I include -I /Users/mialbert/.brew/opt/glfw/include
echo "\033[32;1m\033[1mCompiling: mlx_keys.c\033[0m"
cc -Wextra -Wall -Werror -Wunreachable-code -Wno-char-subscripts -Ofast -D NDEBUG -o src/mlx_keys.o -c src/mlx_keys.c -I include -I /Users/mialbert/.brew/opt/glfw/include
echo "\033[32;1m\033[1mCompiling: mlx_loop.c\033[0m"
cc -Wextra -Wall -Werror -Wunreachable-code -Wno-char-subscripts -Ofast -D NDEBUG -o src/mlx_loop.o -c src/mlx_loop.c -I include -I /Users/mialbert/.brew/opt/glfw/include
echo "\033[32;1m\033[1mCompiling: mlx_monitor.c\033[0m"
cc -Wextra -Wall -Werror -Wunreachable-code -Wno-char-subscripts -Ofast -D NDEBUG -o src/mlx_monitor.o -c src/mlx_monitor.c -I include -I /Users/mialbert/.brew/opt/glfw/include
echo "\033[32;1m\033[1mCompiling: mlx_mouse.c\033[0m"
cc -Wextra -Wall -Werror -Wunreachable-code -Wno-char-subscripts -Ofast -D NDEBUG -o src/mlx_mouse.o -c src/mlx_mouse.c -I include -I /Users/mialbert/.brew/opt/glfw/include
echo "\033[32;1m\033[1mCompiling: mlx_put_pixel.c\033[0m"
cc -Wextra -Wall -Werror -Wunreachable-code -Wno-char-subscripts -Ofast -D NDEBUG -o src/mlx_put_pixel.o -c src/mlx_put_pixel.c -I include -I /Users/mialbert/.brew/opt/glfw/include
echo "\033[32;1m\033[1mCompiling: mlx_vert_shader.c\033[0m"
cc -Wextra -Wall -Werror -Wunreachable-code -Wno-char-subscripts -Ofast -D NDEBUG -o src/mlx_vert_shader.o -c src/mlx_vert_shader.c -I include -I /Users/mialbert/.brew/opt/glfw/include
echo "\033[32;1m\033[1mCompiling: mlx_window.c\033[0m"
cc -Wextra -Wall -Werror -Wunreachable-code -Wno-char-subscripts -Ofast -D NDEBUG -o src/mlx_window.o -c src/mlx_window.c -I include -I /Users/mialbert/.brew/opt/glfw/include
echo "\033[32;1m\033[1mCompiling: mlx_png.c\033[0m"
cc -Wextra -Wall -Werror -Wunreachable-code -Wno-char-subscripts -Ofast -D NDEBUG -o src/textures/mlx_png.o -c src/textures/mlx_png.c -I include -I /Users/mialbert/.brew/opt/glfw/include
echo "\033[32;1m\033[1mCompiling: mlx_texture.c\033[0m"
cc -Wextra -Wall -Werror -Wunreachable-code -Wno-char-subscripts -Ofast -D NDEBUG -o src/textures/mlx_texture.o -c src/textures/mlx_texture.c -I include -I /Users/mialbert/.brew/opt/glfw/include
echo "\033[32;1m\033[1mCompiling: mlx_xpm42.c\033[0m"
cc -Wextra -Wall -Werror -Wunreachable-code -Wno-char-subscripts -Ofast -D NDEBUG -o src/textures/mlx_xpm42.o -c src/textures/mlx_xpm42.c -I include -I /Users/mialbert/.brew/opt/glfw/include
echo "\033[32;1m\033[1mCompiling: mlx_error.c\033[0m"
 
cc -Wextra -Wall -Werror -Wunreachable-code -Wno-char-subscripts -Ofast -D NDEBUG -o src/utils/mlx_error.o -c src/utils/mlx_error.c -I include -I /Users/mialbert/.brew/opt/glfw/include
echo "\033[32;1m\033[1mCompiling: mlx_list.c\033[0m"
cc -Wextra -Wall -Werror -Wunreachable-code -Wno-char-subscripts -Ofast -D NDEBUG -o src/utils/mlx_list.o -c src/utils/mlx_list.c -I include -I /Users/mialbert/.brew/opt/glfw/include
echo "\033[32;1m\033[1mCompiling: mlx_utils.c\033[0m"
cc -Wextra -Wall -Werror -Wunreachable-code -Wno-char-subscripts -Ofast -D NDEBUG -o src/utils/mlx_utils.o -c src/utils/mlx_utils.c -I include -I /Users/mialbert/.brew/opt/glfw/include
ar rc libmlx42.a lib/glad/glad.o lib/png/lodepng.o src/font/mlx_font.o src/mlx_cursor.o src/mlx_exit.o src/mlx_frag_shader.o src/mlx_images.o src/mlx_init.o src/mlx_keys.o src/mlx_loop.o src/mlx_monitor.o src/mlx_mouse.o src/mlx_put_pixel.o src/mlx_vert_shader.o src/mlx_window.o src/textures/mlx_png.o src/textures/mlx_texture.o src/textures/mlx_xpm42.o src/utils/mlx_error.o src/utils/mlx_list.o src/utils/mlx_utils.o
echo "\033[32;1m\033[1mDone\033[0m"
make[1]: Leaving directory `/Users/mialbert/Documents/so_long/libs/MLX'
echo "\n\033[35;1mSo_long compiling!\033[0m"
cc -Wall -Werror -Wextra -g -g  -I includes -I libs/libft/srcs -I libs/MLX/include -I libs/miniaudio -framework Cocoa -framework OpenGL, -framework IOKit libs/MLX/lib/lib-x86_64/libglfw3.a ./libs/libft/srcs/*.c ./bonus/enemy/damage.c ./bonus/enemy/init.c ./bonus/enemy/interaction.c ./bonus/enemy/spawn.c ./bonus/graphics/animation.c ./bonus/graphics/display.c ./bonus/graphics/end.c ./bonus/graphics/graphics.c ./bonus/graphics/images_to_window.c ./bonus/graphics/loading_images.c ./bonus/map_parsing/check_player_amount.c ./bonus/map_parsing/error_cases.c ./bonus/map_parsing/input_handler.c ./bonus/map_parsing/read_map.c ./bonus/map_parsing/obstacle.c ./bonus/player/gravity_jump.c ./bonus/player/movement.c ./bonus/utils.c ./bonus/main.c ./bonus/collectible.c  ./libs/MLX/libmlx42.a ./libs/libft/srcs/libft.a -fsanitize=address -o so_long
make: Leaving directory `/Users/mialbert/Documents/so_long'
 
