make all --print-data-base --no-builtin-variables --no-builtin-rules --question
# GNU Make 3.81
# Copyright (C) 2006  Free Software Foundation, Inc.
# This is free software; see the source for copying conditions.
# There is NO warranty; not even for MERCHANTABILITY or FITNESS FOR A
# PARTICULAR PURPOSE.

# This program built for i386-apple-darwin11.3.0
 

# Make data base, printed on Fri May 20 00:13:33 2022

# Variables

 
# automatic
<D = $(patsubst %/,%,$(dir $<))
# automatic
?F = $(notdir $?)
# environment
VSCODE_LOG_NATIVE = false
# automatic
?D = $(patsubst %/,%,$(dir $?))
# automatic
@D = $(patsubst %/,%,$(dir $@))
# automatic
@F = $(notdir $@)
# makefile
CURDIR := /Users/mialbert/Documents/so_long
# makefile
SHELL = /bin/sh
# environment
VSCODE_NLS_CONFIG = {"locale":"en-us","availableLanguages":{},"_languagePackSupport":true}
# environment
_ = /usr/bin/make
# makefile (from `Makefile', line 13)
CFLAGS = -Wall -Werror -Wextra -g
# makefile (from `Makefile', line 1)
MAKEFILE_LIST :=  Makefile
# environment
VSCODE_VERBOSE_LOGGING = true
# makefile (from `Makefile', line 15)
BONUS = ./libs/libft/srcs/*.c ./bonus/input_handler.c ./bonus/error_cases.c ./bonus/main.c ./bonus/graphics.c ./bonus/utils.c ./bonus/loading_images.c ./bonus/enemy_interaction.c ./bonus/enemy_spawn.c ./bonus/collectible.c ./bonus/read_map.c ./bonus/display.c ./bonus/gravity_jump.c ./bonus/movement.c ./bonus/check_player_amount.c ./bonus/images_to_window.c ./bonus/animation.c ./bonus/end.c
# environment
VSCODE_IPC_HOOK_EXTHOST = /var/folders/zz/zyxvpxvq6csfxvn_n000ccy800337k/T/vscode-ipc-efa870e9-4ff3-4f3e-9b3c-b0f765367614.sock
# environment
VSCODE_CWD = /
# environment
PATH = /Users/mialbert/.brew/bin:/usr/local/bin:/usr/bin:/bin:/usr/sbin:/sbin:/usr/local/munki:/opt/X11/bin
# environment
LaunchInstanceID = 903C7FF3-AD03-4F8B-AFF7-5963B07BB30F
# environment
VSCODE_LOG_STACK = true
# environment
ELECTRON_RUN_AS_NODE = 1
# default
.FEATURES := target-specific order-only second-expansion else-if archives jobserver check-symlink
# environment
SSH_AUTH_SOCK = /private/tmp/com.apple.launchd.vVRy7wnXn2/Listeners
# automatic
%F = $(notdir $%)
# environment
HOMEBREW_TEMP = /tmp/mialbert/Homebrew/Temp
# environment
DISPLAY = /private/tmp/com.apple.launchd.bGNm7D1zph/org.xquartz:0
# environment
VSCODE_PIPE_LOGGING = true
# environment
PWD = /Users/mialbert/Documents/so_long
# environment
ORIGINAL_XDG_CURRENT_DESKTOP = undefined
# environment
VSCODE_AMD_ENTRYPOINT = vs/workbench/api/node/extensionHostProcess
# environment
HOME = /Users/mialbert
# default
MAKEFILEPATH := /Applications/Xcode.app/Contents/Developer/Makefiles
# environment
VSCODE_CODE_CACHE_PATH = /Users/mialbert/Library/Application Support/Code - Insiders/CachedData/57fd6d0195bb9b9d1b49f6da5db789060795de47
# environment
LOGNAME = mialbert
# environment
APPLICATION_INSIGHTS_NO_DIAGNOSTIC_CHANNEL = 1
# environment
VSCODE_HANDLES_UNCAUGHT_ERRORS = true
# automatic
^D = $(patsubst %/,%,$(dir $^))
# environment
XPC_FLAGS = 0x0
# default
MAKE = $(MAKE_COMMAND)
# default
MAKECMDGOALS := all
# environment
HOMEBREW_CACHE = /tmp/mialbert/Homebrew/Caches
# environment
SHLVL = 1
# makefile (from `Makefile', line 39)
GLFW := libs/MLX/lib/lib-x86_64/libglfw3.a
# default
MAKE_VERSION := 3.81
# environment
USER = mialbert
# makefile
.DEFAULT_GOAL := all
# makefile (from `Makefile', line 14)
NAME = so_long
# automatic
%D = $(patsubst %/,%,$(dir $%))
# default
MAKE_COMMAND := /Applications/Xcode.app/Contents/Developer/usr/bin/make
# default
.VARIABLES := 
# environment
TMPDIR = /var/folders/zz/zyxvpxvq6csfxvn_n000ccy800337k/T/
# automatic
*F = $(notdir $*)
# makefile (from `Makefile', line 35)
OS := Darwin
# environment
VSCODE_IPC_HOOK = /Users/mialbert/Library/Application Support/Code - Insiders/1.67.0-insider-main.sock
# makefile (from `Makefile', line 36)
ARCH := x86_64
# makefile
MAKEFLAGS = Rrqp
# environment
MFLAGS = -Rrqp
# automatic
*D = $(patsubst %/,%,$(dir $*))
# environment
XPC_SERVICE_NAME = com.microsoft.VSCodeInsiders.2356
# automatic
+D = $(patsubst %/,%,$(dir $+))
# automatic
+F = $(notdir $+)
# environment
__CF_USER_TEXT_ENCODING = 0x18CF2:0x0:0x0
# default
MAKEFILES := 
# automatic
<F = $(notdir $<)
# environment
LC_ALL = C
# environment
SECURITYSESSIONID = 186ce
# automatic
^F = $(notdir $^)
# default
SUFFIXES := 
# default
.INCLUDE_DIRS = /usr/local/include
# environment
MAKELEVEL := 0
# environment
LANG = C
# environment
VSCODE_PID = 23699
# variable set hash-table stats:
# Load=71/1024=7%, Rehash=0, Collisions=1/103=1%

# Pattern-specific Variable Values

# No pattern-specific variable values.

# Directories

# . (device 16777225, inode 1020539): 17 files, no impossibilities.
# libs/libft/srcs (device 16777225, inode 1021033): 98 files, no impossibilities.

# 115 files, no impossibilities in 2 directories.

# Implicit Rules

# No implicit rules.

# Files

# Not a target:
libs/libft/srcs/ft_lstadd_back.c:
#  Implicit rule search has been done.
#  Last modified 2022-05-13 22:50:58
#  File has been updated.
#  Successfully updated.
# variable set hash-table stats:
# Load=0/32=0%, Rehash=0, Collisions=0/0=0%

# Not a target:
libs/libft/srcs/ft_putendl_fd.c:
#  Implicit rule search has been done.
#  Last modified 2022-05-13 22:50:58
#  File has been updated.
#  Successfully updated.
# variable set hash-table stats:
# Load=0/32=0%, Rehash=0, Collisions=0/0=0%

xpm42:
#  Implicit rule search has not been done.
#  Modification time never checked.
#  File has not been updated.
#  commands to execute (from `Makefile', line 66):
	python3 libs/MLX/tools/xpm3_conv.py textures/$(IMG).xpm
	

# Not a target:
libs/libft/srcs/ft_lstiter.c:
#  Implicit rule search has been done.
#  Last modified 2022-05-13 22:50:58
#  File has been updated.
#  Successfully updated.
# variable set hash-table stats:
# Load=0/32=0%, Rehash=0, Collisions=0/0=0%

# Not a target:
libs/libft/srcs/ft_abs.c:
#  Implicit rule search has been done.
#  Last modified 2022-05-13 22:50:57
#  File has been updated.
#  Successfully updated.
# variable set hash-table stats:
# Load=0/32=0%, Rehash=0, Collisions=0/0=0%

all: so_long
#  Command-line target.
#  Implicit rule search has been done.
#  File does not exist.
#  File has been updated.
#  Successfully updated.
# variable set hash-table stats:
# Load=0/32=0%, Rehash=0, Collisions=0/0=0%

# Not a target:
bonus/images_to_window.c:
#  Implicit rule search has been done.
#  Last modified 2022-05-19 03:05:37
#  File has been updated.
#  Successfully updated.
# variable set hash-table stats:
# Load=0/32=0%, Rehash=0, Collisions=0/0=0%

# Not a target:
libs/libft/srcs/ft_memcpy.c:
#  Implicit rule search has been done.
#  Last modified 2022-05-13 22:50:58
#  File has been updated.
#  Successfully updated.
# variable set hash-table stats:
# Load=0/32=0%, Rehash=0, Collisions=0/0=0%

# Not a target:
libs/libft/srcs/ft_itoa.c:
#  Implicit rule search has been done.
#  Last modified 2022-05-13 22:50:58
#  File has been updated.
#  Successfully updated.
# variable set hash-table stats:
# Load=0/32=0%, Rehash=0, Collisions=0/0=0%

.PHONY: clean fclean re
#  Implicit rule search has not been done.
#  Modification time never checked.
#  File has not been updated.

# Not a target:
bonus/loading_images.c:
#  Implicit rule search has been done.
#  Last modified 2022-05-20 00:08:29
#  File has been updated.
#  Successfully updated.
# variable set hash-table stats:
# Load=0/32=0%, Rehash=0, Collisions=0/0=0%

# Not a target:
libs/libft/srcs/ft_memcmp.c:
#  Implicit rule search has been done.
#  Last modified 2022-05-13 22:50:58
#  File has been updated.
#  Successfully updated.
# variable set hash-table stats:
# Load=0/32=0%, Rehash=0, Collisions=0/0=0%

# Not a target:
libs/libft/srcs/ft_strlen.c:
#  Implicit rule search has been done.
#  Last modified 2022-05-13 22:50:58
#  File has been updated.
#  Successfully updated.
# variable set hash-table stats:
# Load=0/32=0%, Rehash=0, Collisions=0/0=0%

# Not a target:
libs/libft/srcs/ft_isdigit.c:
#  Implicit rule search has been done.
#  Last modified 2022-05-13 22:50:58
#  File has been updated.
#  Successfully updated.
# variable set hash-table stats:
# Load=0/32=0%, Rehash=0, Collisions=0/0=0%

# Not a target:
libs/libft/srcs/ft_isspace.c:
#  Implicit rule search has been done.
#  Last modified 2022-05-13 22:50:58
#  File has been updated.
#  Successfully updated.
# variable set hash-table stats:
# Load=0/32=0%, Rehash=0, Collisions=0/0=0%

# Not a target:
libs/libft/srcs/ft_lstlast.c:
#  Implicit rule search has been done.
#  Last modified 2022-05-13 22:50:58
#  File has been updated.
 
#  Successfully updated.
# variable set hash-table stats:
# Load=0/32=0%, Rehash=0, Collisions=0/0=0%

# Not a target:
bonus/input_handler.c:
#  Implicit rule search has been done.
#  Last modified 2022-05-18 19:57:46
#  File has been updated.
#  Successfully updated.
# variable set hash-table stats:
# Load=0/32=0%, Rehash=0, Collisions=0/0=0%

# Not a target:
bonus/display.c:
#  Implicit rule search has been done.
#  Last modified 2022-05-17 03:45:12
#  File has been updated.
#  Successfully updated.
# variable set hash-table stats:
# Load=0/32=0%, Rehash=0, Collisions=0/0=0%

# Not a target:
libs/libft/srcs/ft_memchr.c:
#  Implicit rule search has been done.
#  Last modified 2022-05-13 22:50:58
#  File has been updated.
#  Successfully updated.
# variable set hash-table stats:
# Load=0/32=0%, Rehash=0, Collisions=0/0=0%

# Not a target:
libs/libft/srcs/ft_memset.c:
#  Implicit rule search has been done.
#  Last modified 2022-05-13 22:50:58
#  File has been updated.
#  Successfully updated.
# variable set hash-table stats:
# Load=0/32=0%, Rehash=0, Collisions=0/0=0%

# Not a target:
libs/libft/srcs/ft_tolower.c:
#  Implicit rule search has been done.
#  Last modified 2022-05-13 22:50:58
#  File has been updated.
#  Successfully updated.
# variable set hash-table stats:
# Load=0/32=0%, Rehash=0, Collisions=0/0=0%

linux:
#  Implicit rule search has not been done.
#  Modification time never checked.
#  File has not been updated.
#  commands to execute (from `Makefile', line 62):
	sudo apt update 
	sudo apt install build-essential libx11-dev libglfw3-dev libglfw3 xorg-dev
	

# Not a target:
libs/libft/srcs/ft_strrchr.c:
#  Implicit rule search has been done.
#  Last modified 2022-05-13 22:50:58
#  File has been updated.
#  Successfully updated.
# variable set hash-table stats:
# Load=0/32=0%, Rehash=0, Collisions=0/0=0%

# Not a target:
.SUFFIXES:
#  Implicit rule search has not been done.
#  Modification time never checked.
#  File has not been updated.

# Not a target:
libs/libft/srcs/ft_strjoin.c:
#  Implicit rule search has been done.
#  Last modified 2022-05-13 22:50:58
#  File has been updated.
#  Successfully updated.
# variable set hash-table stats:
# Load=0/32=0%, Rehash=0, Collisions=0/0=0%

# Not a target:
libs/libft/srcs/ft_split.c:
#  Implicit rule search has been done.
#  Last modified 2022-05-13 22:50:58
#  File has been updated.
#  Successfully updated.
# variable set hash-table stats:
# Load=0/32=0%, Rehash=0, Collisions=0/0=0%

# Not a target:
libs/libft/srcs/ft_lstclear.c:
#  Implicit rule search has been done.
#  Last modified 2022-05-13 22:50:58
#  File has been updated.
#  Successfully updated.
# variable set hash-table stats:
# Load=0/32=0%, Rehash=0, Collisions=0/0=0%

# Not a target:
Makefile:
#  Implicit rule search has been done.
#  Last modified 2022-05-20 00:12:12
#  File has been updated.
#  Successfully updated.
# variable set hash-table stats:
# Load=0/32=0%, Rehash=0, Collisions=0/0=0%

# Not a target:
bonus/check_player_amount.c:
#  Implicit rule search has been done.
#  Last modified 2022-05-17 03:54:06
#  File has been updated.
#  Successfully updated.
# variable set hash-table stats:
# Load=0/32=0%, Rehash=0, Collisions=0/0=0%

# Not a target:
libs/libft/srcs/ft_strlcat.c:
#  Implicit rule search has been done.
#  Last modified 2022-05-13 22:50:58
#  File has been updated.
#  Successfully updated.
# variable set hash-table stats:
# Load=0/32=0%, Rehash=0, Collisions=0/0=0%

# Not a target:
libs/libft/srcs/ft_bzero.c:
#  Implicit rule search has been done.
#  Last modified 2022-05-13 22:50:57
#  File has been updated.
#  Successfully updated.
# variable set hash-table stats:
# Load=0/32=0%, Rehash=0, Collisions=0/0=0%

# Not a target:
libs/libft/srcs/ft_isprint.c:
#  Implicit rule search has been done.
#  Last modified 2022-05-13 22:50:58
#  File has been updated.
#  Successfully updated.
# variable set hash-table stats:
# Load=0/32=0%, Rehash=0, Collisions=0/0=0%

# Not a target:
libs/libft/srcs/ft_intlen.c:
#  Implicit rule search has been done.
#  Last modified 2022-05-13 22:50:57
#  File has been updated.
#  Successfully updated.
# variable set hash-table stats:
# Load=0/32=0%, Rehash=0, Collisions=0/0=0%

Darwin:
#  Implicit rule search has not been done.
#  Modification time never checked.
#  File has not been updated.
#  commands to execute (from `Makefile', line 52):
	$(CC) $(CFLAGS) -g -I includes -I libs/libft/srcs -I libs/MLX/include \
	-framework Cocoa -framework OpenGL, -framework IOKit $(BONUS) ./libs/MLX/libmlx42.a \
	./libs/libft/srcs/libft.a $(GLFW) -L "/Users/$(USER)/.brew/opt/glfw/lib/" -fsanitize=address -o $(NAME)
	

# Not a target:
libs/libft/srcs/ft_strmapi.c:
#  Implicit rule search has been done.
#  Last modified 2022-05-13 22:50:58
#  File has been updated.
#  Successfully updated.
# variable set hash-table stats:
# Load=0/32=0%, Rehash=0, Collisions=0/0=0%

# Not a target:
bonus/enemy_spawn.c:
#  Implicit rule search has been done.
#  Last modified 2022-05-19 20:17:28
#  File has been updated.
#  Successfully updated.
# variable set hash-table stats:
# Load=0/32=0%, Rehash=0, Collisions=0/0=0%

# Not a target:
libs/libft/srcs/ft_striteri.c:
#  Implicit rule search has been done.
#  Last modified 2022-05-13 22:50:58
#  File has been updated.
#  Successfully updated.
# variable set hash-table stats:
# Load=0/32=0%, Rehash=0, Collisions=0/0=0%

# Not a target:
bonus/gravity_jump.c:
#  Implicit rule search has been done.
#  Last modified 2022-05-17 00:54:15
#  File has been updated.
#  Successfully updated.
# variable set hash-table stats:
# Load=0/32=0%, Rehash=0, Collisions=0/0=0%

# Not a target:
libs/libft/srcs/ft_lstnew.c:
#  Implicit rule search has been done.
#  Last modified 2022-05-13 22:50:58
#  File has been updated.
#  Successfully updated.
# variable set hash-table stats:
# Load=0/32=0%, Rehash=0, Collisions=0/0=0%

fclean: clean
#  Phony target (prerequisite of .PHONY).
#  Implicit rule search has not been done.
#  File does not exist.
#  File has not been updated.
#  commands to execute (from `Makefile', line 74):
	rm -rf $(NAME)
	

# Not a target:
libs/libft/srcs/ft_isascii.c:
#  Implicit rule search has been done.
#  Last modified 2022-05-13 22:50:57
#  File has been updated.
#  Successfully updated.
# variable set hash-table stats:
# Load=0/32=0%, Rehash=0, Collisions=0/0=0%

# Not a target:
bonus/error_cases.c:
#  Implicit rule search has been done.
#  Last modified 2022-05-17 01:41:27
#  File has been updated.
#  Successfully updated.
# variable set hash-table stats:
# Load=0/32=0%, Rehash=0, Collisions=0/0=0%

# Not a target:
bonus/main.c:
#  Implicit rule search has been done.
#  Last modified 2022-05-19 00:54:11
#  File has been updated.
#  Successfully updated.
# variable set hash-table stats:
# Load=0/32=0%, Rehash=0, Collisions=0/0=0%

# Not a target:
libs/libft/srcs/ft_putnbr_fd.c:
#  Implicit rule search has been done.
#  Last modified 2022-05-13 22:50:58
#  File has been updated.
#  Successfully updated.
# variable set hash-table stats:
# Load=0/32=0%, Rehash=0, Collisions=0/0=0%

# Not a target:
libs/libft/srcs/get_next_line_utils.c:
#  Implicit rule search has been done.
#  Last modified 2022-05-13 22:50:58
#  File has been updated.
#  Successfully updated.
# variable set hash-table stats:
# Load=0/32=0%, Rehash=0, Collisions=0/0=0%

# Not a target:
bonus/movement.c:
#  Implicit rule search has been done.
#  Last modified 2022-05-18 13:45:01
#  File has been updated.
#  Successfully updated.
# variable set hash-table stats:
# Load=0/32=0%, Rehash=0, Collisions=0/0=0%

# Not a target:
bonus/read_map.c:
#  Implicit rule search has been done.
#  Last modified 2022-05-17 01:39:23
#  File has been updated.
#  Successfully updated.
# variable set hash-table stats:
# Load=0/32=0%, Rehash=0, Collisions=0/0=0%

# Not a target:
libs/libft/srcs/ft_calloc.c:
#  Implicit rule search has been done.
#  Last modified 2022-05-13 22:50:57
#  File has been updated.
#  Successfully updated.
# variable set hash-table stats:
# Load=0/32=0%, Rehash=0, Collisions=0/0=0%

# Not a target:
libs/libft/srcs/ft_substr.c:
#  Implicit rule search has been done.
 
#  Last modified 2022-05-13 22:50:58
#  File has been updated.
#  Successfully updated.
# variable set hash-table stats:
# Load=0/32=0%, Rehash=0, Collisions=0/0=0%

# Not a target:
.DEFAULT:
#  Implicit rule search has not been done.
#  Modification time never checked.
#  File has not been updated.

# Not a target:
libs/libft/srcs/ft_isalpha.c:
#  Implicit rule search has been done.
#  Last modified 2022-05-13 22:50:57
#  File has been updated.
#  Successfully updated.
# variable set hash-table stats:
# Load=0/32=0%, Rehash=0, Collisions=0/0=0%

# Not a target:
bonus/animation.c:
#  Implicit rule search has been done.
#  Last modified 2022-05-19 18:57:16
#  File has been updated.
#  Successfully updated.
# variable set hash-table stats:
# Load=0/32=0%, Rehash=0, Collisions=0/0=0%

# Not a target:
libs/libft/srcs/ft_lstsize.c:
#  Implicit rule search has been done.
#  Last modified 2022-05-13 22:50:58
#  File has been updated.
#  Successfully updated.
# variable set hash-table stats:
# Load=0/32=0%, Rehash=0, Collisions=0/0=0%

re: fclean all
#  Phony target (prerequisite of .PHONY).
#  Implicit rule search has not been done.
#  File does not exist.
#  File has not been updated.

# Not a target:
bonus/collectible.c:
#  Implicit rule search has been done.
#  Last modified 2022-05-17 02:10:26
#  File has been updated.
#  Successfully updated.
# variable set hash-table stats:
# Load=0/32=0%, Rehash=0, Collisions=0/0=0%

clean:
#  Phony target (prerequisite of .PHONY).
#  Implicit rule search has not been done.
#  File does not exist.
#  File has not been updated.
#  commands to execute (from `Makefile', line 71):
	rm -rf $(OBJS)
	

# Not a target:
libs/libft/srcs/ft_strlcpy.c:
#  Implicit rule search has been done.
#  Last modified 2022-05-13 22:50:58
#  File has been updated.
#  Successfully updated.
# variable set hash-table stats:
# Load=0/32=0%, Rehash=0, Collisions=0/0=0%

# Not a target:
libs/libft/srcs/ft_lstmap.c:
#  Implicit rule search has been done.
#  Last modified 2022-05-13 22:50:58
#  File has been updated.
#  Successfully updated.
# variable set hash-table stats:
# Load=0/32=0%, Rehash=0, Collisions=0/0=0%

# Not a target:
libs/libft/srcs/ft_strncmp.c:
#  Implicit rule search has been done.
#  Last modified 2022-05-13 22:50:58
#  File has been updated.
#  Successfully updated.
# variable set hash-table stats:
# Load=0/32=0%, Rehash=0, Collisions=0/0=0%

# Not a target:
libs/libft/srcs/ft_pow.c:
#  Implicit rule search has been done.
#  Last modified 2022-05-13 22:50:58
#  File has been updated.
#  Successfully updated.
# variable set hash-table stats:
# Load=0/32=0%, Rehash=0, Collisions=0/0=0%

# Not a target:
libs/libft/srcs/ft_isalnum.c:
#  Implicit rule search has been done.
#  Last modified 2022-05-13 22:50:57
#  File has been updated.
#  Successfully updated.
# variable set hash-table stats:
# Load=0/32=0%, Rehash=0, Collisions=0/0=0%

# Not a target:
libs/libft/srcs/ft_wcount.c:
#  Implicit rule search has been done.
#  Last modified 2022-05-13 22:50:58
#  File has been updated.
#  Successfully updated.
# variable set hash-table stats:
# Load=0/32=0%, Rehash=0, Collisions=0/0=0%

# Not a target:
libs/libft/srcs/ft_realloc.c:
#  Implicit rule search has been done.
#  Last modified 2022-05-13 22:50:58
#  File has been updated.
#  Successfully updated.
# variable set hash-table stats:
# Load=0/32=0%, Rehash=0, Collisions=0/0=0%

# Not a target:
libs/libft/srcs/ft_lstadd_front.c:
#  Implicit rule search has been done.
#  Last modified 2022-05-13 22:50:58
#  File has been updated.
#  Successfully updated.
# variable set hash-table stats:
# Load=0/32=0%, Rehash=0, Collisions=0/0=0%

# Not a target:
libs/libft/srcs/ft_strdup.c:
#  Implicit rule search has been done.
#  Last modified 2022-05-13 22:50:58
#  File has been updated.
#  Successfully updated.
# variable set hash-table stats:
# Load=0/32=0%, Rehash=0, Collisions=0/0=0%

# Not a target:
libs/libft/srcs/ft_lstdelone.c:
#  Implicit rule search has been done.
#  Last modified 2022-05-13 22:50:58
#  File has been updated.
#  Successfully updated.
# variable set hash-table stats:
# Load=0/32=0%, Rehash=0, Collisions=0/0=0%

# Not a target:
libs/libft/srcs/ft_memmove.c:
#  Implicit rule search has been done.
#  Last modified 2022-05-13 22:50:58
#  File has been updated.
#  Successfully updated.
# variable set hash-table stats:
# Load=0/32=0%, Rehash=0, Collisions=0/0=0%

Linux:
#  Implicit rule search has not been done.
#  Modification time never checked.
#  File has not been updated.
#  commands to execute (from `Makefile', line 57):
	$(CC) $(CFLAGS) -g -I includes -I libs/libft/srcs -I libs/MLX/include \
	$(BONUS) ./libs/MLX/libmlx42.a -ldl -lglfw \
	./libs/libft/srcs/libft.a -L "/Users/$(USER)/.brew/opt/glfw/lib/" -fsanitize=address -o $(NAME)
	

# Not a target:
libs/libft/srcs/ft_strchr.c:
#  Implicit rule search has been done.
#  Last modified 2022-05-13 22:50:58
#  File has been updated.
#  Successfully updated.
# variable set hash-table stats:
# Load=0/32=0%, Rehash=0, Collisions=0/0=0%

# Not a target:
libs/libft/srcs/ft_toupper.c:
#  Implicit rule search has been done.
#  Last modified 2022-05-13 22:50:58
#  File has been updated.
#  Successfully updated.
# variable set hash-table stats:
# Load=0/32=0%, Rehash=0, Collisions=0/0=0%

so_long: libs/libft/srcs/ft_abs.c libs/libft/srcs/ft_atoi.c libs/libft/srcs/ft_bzero.c libs/libft/srcs/ft_calloc.c libs/libft/srcs/ft_intlen.c libs/libft/srcs/ft_isalnum.c libs/libft/srcs/ft_isalpha.c libs/libft/srcs/ft_isascii.c libs/libft/srcs/ft_isdigit.c libs/libft/srcs/ft_isprint.c libs/libft/srcs/ft_isspace.c libs/libft/srcs/ft_itoa.c libs/libft/srcs/ft_lstadd_back.c libs/libft/srcs/ft_lstadd_front.c libs/libft/srcs/ft_lstclear.c libs/libft/srcs/ft_lstdelone.c libs/libft/srcs/ft_lstiter.c libs/libft/srcs/ft_lstlast.c libs/libft/srcs/ft_lstmap.c libs/libft/srcs/ft_lstnew.c libs/libft/srcs/ft_lstsize.c libs/libft/srcs/ft_memchr.c libs/libft/srcs/ft_memcmp.c libs/libft/srcs/ft_memcpy.c libs/libft/srcs/ft_memmove.c libs/libft/srcs/ft_memset.c libs/libft/srcs/ft_pow.c libs/libft/srcs/ft_putchar_fd.c libs/libft/srcs/ft_putendl_fd.c libs/libft/srcs/ft_putnbr_fd.c libs/libft/srcs/ft_putstr_fd.c libs/libft/srcs/ft_realloc.c libs/libft/srcs/ft_split.c libs/libft/srcs/ft_strchr.c libs/libft/srcs/ft_strdup.c libs/libft/srcs/ft_striteri.c libs/libft/srcs/ft_strjoin.c libs/libft/srcs/ft_strlcat.c libs/libft/srcs/ft_strlcpy.c libs/libft/srcs/ft_strlen.c libs/libft/srcs/ft_strmapi.c libs/libft/srcs/ft_strncmp.c libs/libft/srcs/ft_strnstr.c libs/libft/srcs/ft_strrchr.c libs/libft/srcs/ft_strtrim.c libs/libft/srcs/ft_substr.c libs/libft/srcs/ft_tolower.c libs/libft/srcs/ft_toupper.c libs/libft/srcs/ft_wcount.c libs/libft/srcs/get_next_line.c libs/libft/srcs/get_next_line_utils.c bonus/input_handler.c bonus/error_cases.c bonus/main.c bonus/graphics.c bonus/utils.c bonus/loading_images.c bonus/enemy_interaction.c bonus/enemy_spawn.c bonus/collectible.c bonus/read_map.c bonus/display.c bonus/gravity_jump.c bonus/movement.c bonus/check_player_amount.c bonus/images_to_window.c bonus/animation.c bonus/end.c
#  Implicit rule search has not been done.
#  Last modified 2022-05-20 00:08:35
#  File has been updated.
#  Successfully updated.
# variable set hash-table stats:
# Load=0/32=0%, Rehash=0, Collisions=0/0=0%
#  commands to execute (from `Makefile', line 47):
	$(MAKE) -C ./libs/libft/srcs
	$(MAKE) -C ./libs/MLX
	$(MAKE) $(OS)
	

# Not a target:
libs/libft/srcs/ft_strnstr.c:
#  Implicit rule search has been done.
#  Last modified 2022-05-13 22:50:58
#  File has been updated.
#  Successfully updated.
# variable set hash-table stats:
# Load=0/32=0%, Rehash=0, Collisions=0/0=0%

# Not a target:
libs/libft/srcs/ft_putstr_fd.c:
#  Implicit rule search has been done.
#  Last modified 2022-05-13 22:50:58
#  File has been updated.
#  Successfully updated.
# variable set hash-table stats:
# Load=0/32=0%, Rehash=0, Collisions=0/0=0%

# Not a target:
libs/libft/srcs/get_next_line.c:
#  Implicit rule search has been done.
#  Last modified 2022-05-13 22:50:58
#  File has been updated.
#  Successfully updated.
# variable set hash-table stats:
 
# Load=0/32=0%, Rehash=0, Collisions=0/0=0%

# Not a target:
bonus/utils.c:
#  Implicit rule search has been done.
#  Last modified 2022-05-17 03:57:40
#  File has been updated.
#  Successfully updated.
# variable set hash-table stats:
# Load=0/32=0%, Rehash=0, Collisions=0/0=0%

# Not a target:
libs/libft/srcs/ft_putchar_fd.c:
#  Implicit rule search has been done.
#  Last modified 2022-05-13 22:50:58
#  File has been updated.
#  Successfully updated.
# variable set hash-table stats:
# Load=0/32=0%, Rehash=0, Collisions=0/0=0%

# Not a target:
libs/libft/srcs/ft_atoi.c:
#  Implicit rule search has been done.
#  Last modified 2022-05-13 22:50:57
#  File has been updated.
#  Successfully updated.
# variable set hash-table stats:
# Load=0/32=0%, Rehash=0, Collisions=0/0=0%

# Not a target:
bonus/enemy_interaction.c:
#  Implicit rule search has been done.
#  Last modified 2022-05-19 22:21:50
#  File has been updated.
#  Successfully updated.
# variable set hash-table stats:
# Load=0/32=0%, Rehash=0, Collisions=0/0=0%

install:
#  Implicit rule search has not been done.
#  Modification time never checked.
#  File has not been updated.
#  commands to execute (from `Makefile', line 62):
	sudo apt update 
	sudo apt install build-essential libx11-dev libglfw3-dev libglfw3 xorg-dev
	

# Not a target:
bonus/end.c:
#  Implicit rule search has been done.
#  Last modified 2022-05-17 01:30:39
#  File has been updated.
#  Successfully updated.
# variable set hash-table stats:
# Load=0/32=0%, Rehash=0, Collisions=0/0=0%

# Not a target:
bonus/graphics.c:
#  Implicit rule search has been done.
#  Last modified 2022-05-19 23:15:37
#  File has been updated.
#  Successfully updated.
# variable set hash-table stats:
# Load=0/32=0%, Rehash=0, Collisions=0/0=0%

# Not a target:
libs/libft/srcs/ft_strtrim.c:
#  Implicit rule search has been done.
#  Last modified 2022-05-13 22:50:58
#  File has been updated.
#  Successfully updated.
# variable set hash-table stats:
# Load=0/32=0%, Rehash=0, Collisions=0/0=0%

# files hash-table stats:
# Load=82/1024=8%, Rehash=0, Collisions=8/170=5%
# VPATH Search Paths

# No `vpath' search paths.

# No general (`VPATH' variable) search path.

# # of strings in strcache: 1
# # of strcache buffers: 1
# strcache size: total = 4096 / max = 4096 / min = 4096 / avg = 4096
# strcache free: total = 4087 / max = 4087 / min = 4087 / avg = 4087

# Finished Make data base on Fri May 20 00:13:33 2022

 
